<?xml version="1.0" encoding="UTF-8"?>
<testsuites name="TS_001 Login" time="54.643" tests="1" failures="0" errors="0">
   <testsuite name="TS_001 Login" tests="1" failures="0" errors="0" time="54.643" skipped="0" timestamp="2022-08-16 09:58:46" hostname="I4408 - IND-CHN-LT10986" id="Test Suites/TS_001 Login">
      <properties>
         <property name="deviceName" value=""/>
         <property name="devicePlatform" value=""/>
         <property name="logFolder" value="D:\\Katalon\\Git\\MendixRN\\Reports\\20220816_095833\\TS_001 Login\\20220816_095834"/>
         <property name="logFiles" value="D:\\Katalon\\Git\\MendixRN\\Reports\\20220816_095833\\TS_001 Login\\20220816_095834\\execution0.log"/>
         <property name="attachments" value=""/>
         <property name="hostName" value="I4408 - IND-CHN-LT10986"/>
         <property name="os" value="Windows 10 64bit"/>
         <property name="katalonVersion" value="8.4.0.208"/>
         <property name="browser" value="Chrome 104.0.5112.81"/>
         <property name="hostAddress" value="192.168.42.12"/>
         <property name="sessionId" value="2cc23e183bda1fe12efdbe90efc38109"/>
         <property name="seleniumVersion" value="3.141.59"/>
         <property name="proxyInformation" value="ProxyInformation { proxyOption=NO_PROXY, proxyServerType=HTTP, username=, password=********, proxyServerAddress=, proxyServerPort=0, executionList=&quot;&quot;, isApplyToDesiredCapabilities=true }"/>
         <property name="platform" value="Windows 10"/>
      </properties>
      <testcase name="Test Cases/MEND-5 TC_001User signin with valid credentials" time="53.926" classname="Test Cases/MEND-5 TC_001User signin with valid credentials" status="PASSED">
         <system-out><![CDATA[2022-08-16 09:58:47 - [TEST_CASE][PASSED] - Test Cases/MEND-5 TC_001User signin with valid credentials: Test Cases/MEND-5 TC_001User signin with valid credentials

2022-08-16 09:58:47 - [TEST_STEP][PASSED] - openBrowser(""): Browser is opened with url: ''

2022-08-16 09:58:48 - [MESSAGE][INFO] - Starting 'Chrome' driver

2022-08-16 09:58:48 - [MESSAGE][INFO] - Action delay is set to 500 milliseconds

2022-08-16 09:58:57 - [MESSAGE][PASSED] - Browser is opened with url: ''

2022-08-16 09:58:57 - [TEST_STEP][PASSED] - navigateToUrl("https://leavetracker110-sandbox.mxapps.io/login.html"): Navigate to 'https://leavetracker110-sandbox.mxapps.io/login.html' successfully

2022-08-16 09:59:00 - [MESSAGE][PASSED] - Navigate to 'https://leavetracker110-sandbox.mxapps.io/login.html' successfully

2022-08-16 09:59:00 - [TEST_STEP][PASSED] - maximizeWindow(): Current window maximized

2022-08-16 09:59:00 - [MESSAGE][PASSED] - Current window maximized

2022-08-16 09:59:00 - [TEST_STEP][PASSED] - verifyElementPresent(findTestObject("Object Repository/MendixSignIn/Page_Login/input_User name_usernameInput"), 30): Object 'Object Repository/MendixSignIn/Page_Login/input_User name_usernameInput' is present

2022-08-16 09:59:01 - [MESSAGE][PASSED] - Object 'Object Repository/MendixSignIn/Page_Login/input_User name_usernameInput' is present

2022-08-16 09:59:01 - [TEST_STEP][PASSED] - setText(findTestObject("Object Repository/MendixSignIn/Page_Login/input_User name_usernameInput"), Username): Text 'akila.k' is set on object 'Object Repository/MendixSignIn/Page_Login/input_User name_usernameInput'

2022-08-16 09:59:03 - [MESSAGE][PASSED] - Text 'akila.k' is set on object 'Object Repository/MendixSignIn/Page_Login/input_User name_usernameInput'

2022-08-16 09:59:03 - [TEST_STEP][PASSED] - setEncryptedText(findTestObject("Object Repository/MendixSignIn/Page_Login/input_Password_passwordInput"), Password): Text ****** has been set on object 'Object Repository/MendixSignIn/Page_Login/input_Password_passwordInput'

2022-08-16 09:59:05 - [MESSAGE][PASSED] - Text ****** has been set on object 'Object Repository/MendixSignIn/Page_Login/input_Password_passwordInput'

2022-08-16 09:59:05 - [TEST_STEP][PASSED] - click(findTestObject("Object Repository/MendixSignIn/Page_Login/button_Sign in")): Object: 'Object Repository/MendixSignIn/Page_Login/button_Sign in' is clicked on

2022-08-16 09:59:06 - [MESSAGE][PASSED] - Object: 'Object Repository/MendixSignIn/Page_Login/button_Sign in' is clicked on

2022-08-16 09:59:06 - [TEST_STEP][PASSED] - verifyElementPresent(findTestObject("Object Repository/MendixSignIn/Page_Approvals - Home/h1_Leave Requests"), 30): Object 'Object Repository/MendixSignIn/Page_Approvals - Home/h1_Leave Requests' is present

2022-08-16 09:59:39 - [MESSAGE][PASSED] - Object 'Object Repository/MendixSignIn/Page_Approvals - Home/h1_Leave Requests' is present

2022-08-16 09:59:39 - [TEST_STEP][PASSED] - closeBrowser(): Browser is closed

2022-08-16 09:59:41 - [MESSAGE][PASSED] - Browser is closed]]></system-out>
         <system-err><![CDATA[]]></system-err>
      </testcase>
      <system-out><![CDATA[2022-08-16 09:58:46 - [TEST_SUITE][PASSED] - TS_001 Login: Test Cases/MEND-5 TC_001User signin with valid credentials]]></system-out>
      <system-err><![CDATA[]]></system-err>
   </testsuite>
</testsuites>
